
11월 01, 2019 12:08:00.13 NEW SESSION
11월 01, 2019 12:08:00.13 [8764:296:1101/120800.130:ERROR:data_pack.cc(117)] Could not open pak file for writing: 요청한 작업은, 사용자가 매핑한 구역이 열려 있는 상태인 파일에서 수행할 수 없습니다. (0x4C8)
11월 01, 2019 12:14:11.25 
11월 01, 2019 12:14:11.25 KLIB_SelfTest return : KLR_OK
11월 01, 2019 12:14:22.00 [4000:12264:1101/121422.007:ERROR:data_pack.cc(117)] Could not open pak file for writing: 요청한 작업은, 사용자가 매핑한 구역이 열려 있는 상태인 파일에서 수행할 수 없습니다. (0x4C8)
11월 01, 2019 12:42:35.86 
11월 01, 2019 12:42:35.87 KLIB_SelfTest return : KLR_OK
11월 01, 2019 12:42:41.43 [4020:2012:1101/124241.435:ERROR:data_pack.cc(117)] Could not open pak file for writing: 요청한 작업은, 사용자가 매핑한 구역이 열려 있는 상태인 파일에서 수행할 수 없습니다. (0x4C8)
11월 01, 2019 12:44:18.24 
11월 01, 2019 12:44:18.25 KLIB_SelfTest return : KLR_OK
11월 01, 2019 12:44:28.96 [11948:13956:1101/124428.960:ERROR:data_pack.cc(117)] Could not open pak file for writing: 요청한 작업은, 사용자가 매핑한 구역이 열려 있는 상태인 파일에서 수행할 수 없습니다. (0x4C8)
11월 01, 2019 13:54:43.99 [11948:7240:1101/135443.994:ERROR:socket_stream.cc(218)] Closing stream with result -2
11월 01, 2019 14:10:10.62 [11948:7240:1101/141010.623:ERROR:connection_factory_impl.cc(417)] Failed to connect to MCS endpoint with error -106
11월 01, 2019 18:56:05.73 [11948:7240:1101/185605.726:ERROR:socket_stream.cc(218)] Closing stream with result -2
11월 01, 2019 19:02:52.55 [11948:7240:1101/190252.550:ERROR:connection_factory_impl.cc(417)] Failed to connect to MCS endpoint with error -106

11월 03, 2019 15:46:49.93 NEW SESSION
11월 03, 2019 15:46:49.93 [10452:10672:1103/154649.930:ERROR:data_pack.cc(117)] Could not open pak file for writing: 요청한 작업은, 사용자가 매핑한 구역이 열려 있는 상태인 파일에서 수행할 수 없습니다. (0x4C8)
11월 03, 2019 15:47:17.79 
11월 03, 2019 15:47:17.80 KLIB_SelfTest return : KLR_OK
11월 03, 2019 15:47:25.59 [2016:8128:1103/154725.597:ERROR:data_pack.cc(117)] Could not open pak file for writing: 요청한 작업은, 사용자가 매핑한 구역이 열려 있는 상태인 파일에서 수행할 수 없습니다. (0x4C8)
11월 03, 2019 15:53:06.71 
11월 03, 2019 15:53:06.71 KLIB_SelfTest return : KLR_OK
11월 03, 2019 15:53:17.86 [4520:1364:1103/155317.866:ERROR:data_pack.cc(117)] Could not open pak file for writing: 요청한 작업은, 사용자가 매핑한 구역이 열려 있는 상태인 파일에서 수행할 수 없습니다. (0x4C8)
11월 03, 2019 15:53:30.09 
11월 03, 2019 15:53:30.09 KLIB_SelfTest return : KLR_OK
11월 03, 2019 15:54:19.26 [4412:6244:1103/155419.263:ERROR:data_pack.cc(117)] Could not open pak file for writing: 요청한 작업은, 사용자가 매핑한 구역이 열려 있는 상태인 파일에서 수행할 수 없습니다. (0x4C8)

11월 05, 2019 13:09:36.90 NEW SESSION
11월 05, 2019 13:09:36.90 [9556:10888:1105/130936.905:ERROR:data_pack.cc(117)] Could not open pak file for writing: 요청한 작업은, 사용자가 매핑한 구역이 열려 있는 상태인 파일에서 수행할 수 없습니다. (0x4C8)
11월 05, 2019 13:12:55.53 
11월 05, 2019 13:12:55.54 KLIB_SelfTest return : KLR_OK
11월 05, 2019 13:13:06.76 [1316:5276:1105/131306.763:ERROR:data_pack.cc(117)] Could not open pak file for writing: 요청한 작업은, 사용자가 매핑한 구역이 열려 있는 상태인 파일에서 수행할 수 없습니다. (0x4C8)
11월 05, 2019 13:13:33.76 
11월 05, 2019 13:13:33.77 KLIB_SelfTest return : KLR_OK
11월 05, 2019 13:13:44.57 [5796:6604:1105/131344.571:ERROR:data_pack.cc(117)] Could not open pak file for writing: 요청한 작업은, 사용자가 매핑한 구역이 열려 있는 상태인 파일에서 수행할 수 없습니다. (0x4C8)
11월 05, 2019 13:13:50.93 
11월 05, 2019 13:13:50.93 KLIB_SelfTest return : KLR_OK
11월 05, 2019 13:14:02.80 [13404:14088:1105/131402.799:ERROR:data_pack.cc(117)] Could not open pak file for writing: 요청한 작업은, 사용자가 매핑한 구역이 열려 있는 상태인 파일에서 수행할 수 없습니다. (0x4C8)
11월 05, 2019 13:14:06.45 
11월 05, 2019 13:14:06.45 KLIB_SelfTest return : KLR_OK
11월 05, 2019 13:14:51.94 [9792:10636:1105/131451.946:ERROR:data_pack.cc(117)] Could not open pak file for writing: 요청한 작업은, 사용자가 매핑한 구역이 열려 있는 상태인 파일에서 수행할 수 없습니다. (0x4C8)
11월 05, 2019 13:14:55.45 
11월 05, 2019 13:14:55.45 KLIB_SelfTest return : KLR_OK
11월 05, 2019 13:15:52.65 [6560:7368:1105/131552.654:ERROR:data_pack.cc(117)] Could not open pak file for writing: 요청한 작업은, 사용자가 매핑한 구역이 열려 있는 상태인 파일에서 수행할 수 없습니다. (0x4C8)
11월 05, 2019 13:52:17.49 [6560:1472:1105/135217.495:ERROR:socket_stream.cc(218)] Closing stream with result -2
11월 05, 2019 15:39:00.56 [6560:10980:1105/153900.562:ERROR:gcm_channel_status_request.cc(145)] GCM channel request failed.
11월 05, 2019 15:39:03.82 [6560:1472:1105/153903.823:ERROR:connection_factory_impl.cc(417)] Failed to connect to MCS endpoint with error -105
11월 05, 2019 18:23:05.14 
11월 05, 2019 18:23:05.14 KLIB_SelfTest return : KLR_OK

11월 19, 2019 24:23:38.10 NEW SESSION
11월 19, 2019 24:23:38.10 [12176:15420:1119/002338.102:ERROR:in_progress_cache_impl.cc(203)] Cache is not initialized, cannot RetrieveEntry.
11월 19, 2019 24:23:38.10 [12176:15420:1119/002338.102:ERROR:in_progress_cache_impl.cc(203)] Cache is not initialized, cannot RetrieveEntry.
11월 19, 2019 24:23:38.10 [12176:15420:1119/002338.102:ERROR:in_progress_cache_impl.cc(203)] Cache is not initialized, cannot RetrieveEntry.
11월 19, 2019 24:23:38.11 [12176:15420:1119/002338.102:ERROR:in_progress_cache_impl.cc(203)] Cache is not initialized, cannot RetrieveEntry.
11월 19, 2019 24:23:38.11 [12176:15420:1119/002338.102:ERROR:in_progress_cache_impl.cc(203)] Cache is not initialized, cannot RetrieveEntry.
11월 19, 2019 24:23:38.11 [12176:15420:1119/002338.102:ERROR:in_progress_cache_impl.cc(203)] Cache is not initialized, cannot RetrieveEntry.
11월 19, 2019 24:23:38.11 [12176:15420:1119/002338.102:ERROR:in_progress_cache_impl.cc(203)] Cache is not initialized, cannot RetrieveEntry.
11월 19, 2019 24:23:38.11 [12176:15420:1119/002338.102:ERROR:in_progress_cache_impl.cc(203)] Cache is not initialized, cannot RetrieveEntry.
11월 19, 2019 24:23:38.11 [12176:15420:1119/002338.102:ERROR:in_progress_cache_impl.cc(203)] Cache is not initialized, cannot RetrieveEntry.
11월 19, 2019 24:23:38.11 [12176:15420:1119/002338.102:ERROR:in_progress_cache_impl.cc(203)] Cache is not initialized, cannot RetrieveEntry.
11월 19, 2019 24:23:38.11 [12176:15420:1119/002338.102:ERROR:in_progress_cache_impl.cc(203)] Cache is not initialized, cannot RetrieveEntry.
11월 19, 2019 24:23:38.11 [12176:15420:1119/002338.102:ERROR:in_progress_cache_impl.cc(203)] Cache is not initialized, cannot RetrieveEntry.
11월 19, 2019 24:23:38.11 [12176:15420:1119/002338.102:ERROR:in_progress_cache_impl.cc(203)] Cache is not initialized, cannot RetrieveEntry.
11월 19, 2019 24:23:38.11 [12176:15420:1119/002338.102:ERROR:in_progress_cache_impl.cc(203)] Cache is not initialized, cannot RetrieveEntry.
11월 19, 2019 24:23:38.12 [12176:15420:1119/002338.103:ERROR:in_progress_cache_impl.cc(203)] Cache is not initialized, cannot RetrieveEntry.
11월 19, 2019 24:23:38.12 [12176:15420:1119/002338.103:ERROR:in_progress_cache_impl.cc(203)] Cache is not initialized, cannot RetrieveEntry.
11월 19, 2019 24:23:38.12 [12176:15420:1119/002338.103:ERROR:in_progress_cache_impl.cc(203)] Cache is not initialized, cannot RetrieveEntry.
11월 19, 2019 24:23:38.12 [12176:15420:1119/002338.103:ERROR:in_progress_cache_impl.cc(203)] Cache is not initialized, cannot RetrieveEntry.
11월 19, 2019 24:23:38.12 [12176:15420:1119/002338.103:ERROR:in_progress_cache_impl.cc(203)] Cache is not initialized, cannot RetrieveEntry.
11월 19, 2019 24:23:38.12 [12176:15420:1119/002338.103:ERROR:in_progress_cache_impl.cc(203)] Cache is not initialized, cannot RetrieveEntry.
11월 19, 2019 24:23:38.12 [12176:15420:1119/002338.103:ERROR:in_progress_cache_impl.cc(203)] Cache is not initialized, cannot RetrieveEntry.
11월 19, 2019 24:23:38.12 [12176:15420:1119/002338.103:ERROR:in_progress_cache_impl.cc(203)] Cache is not initialized, cannot RetrieveEntry.
11월 19, 2019 24:23:38.12 [12176:15420:1119/002338.103:ERROR:in_progress_cache_impl.cc(203)] Cache is not initialized, cannot RetrieveEntry.
11월 19, 2019 24:23:38.13 [12176:15420:1119/002338.103:ERROR:in_progress_cache_impl.cc(203)] Cache is not initialized, cannot RetrieveEntry.
11월 19, 2019 24:23:38.13 [12176:15420:1119/002338.103:ERROR:in_progress_cache_impl.cc(203)] Cache is not initialized, cannot RetrieveEntry.
11월 19, 2019 24:23:38.13 [12176:15420:1119/002338.103:ERROR:in_progress_cache_impl.cc(203)] Cache is not initialized, cannot RetrieveEntry.
11월 19, 2019 24:23:38.13 [12176:15420:1119/002338.103:ERROR:in_progress_cache_impl.cc(203)] Cache is not initialized, cannot RetrieveEntry.
11월 19, 2019 24:23:38.13 [12176:15420:1119/002338.103:ERROR:in_progress_cache_impl.cc(203)] Cache is not initialized, cannot RetrieveEntry.
11월 19, 2019 24:23:38.13 [12176:15420:1119/002338.103:ERROR:in_progress_cache_impl.cc(203)] Cache is not initialized, cannot RetrieveEntry.
11월 19, 2019 24:23:38.13 [12176:15420:1119/002338.127:ERROR:in_progress_cache_impl.cc(203)] Cache is not initialized, cannot RetrieveEntry.
11월 19, 2019 24:23:38.13 [12176:15420:1119/002338.127:ERROR:in_progress_cache_impl.cc(203)] Cache is not initialized, cannot RetrieveEntry.
11월 19, 2019 24:23:38.13 [12176:15420:1119/002338.127:ERROR:in_progress_cache_impl.cc(203)] Cache is not initialized, cannot RetrieveEntry.
11월 19, 2019 24:23:38.13 [12176:15420:1119/002338.127:ERROR:in_progress_cache_impl.cc(203)] Cache is not initialized, cannot RetrieveEntry.
11월 19, 2019 24:23:38.14 [12176:15420:1119/002338.127:ERROR:in_progress_cache_impl.cc(203)] Cache is not initialized, cannot RetrieveEntry.
11월 19, 2019 24:23:38.14 [12176:15420:1119/002338.127:ERROR:in_progress_cache_impl.cc(203)] Cache is not initialized, cannot RetrieveEntry.
11월 19, 2019 24:23:38.14 [12176:15420:1119/002338.127:ERROR:in_progress_cache_impl.cc(203)] Cache is not initialized, cannot RetrieveEntry.
11월 19, 2019 24:23:38.14 [12176:15420:1119/002338.127:ERROR:in_progress_cache_impl.cc(203)] Cache is not initialized, cannot RetrieveEntry.
11월 19, 2019 24:23:38.14 [12176:15420:1119/002338.127:ERROR:in_progress_cache_impl.cc(203)] Cache is not initialized, cannot RetrieveEntry.
11월 19, 2019 24:23:38.14 [12176:15420:1119/002338.127:ERROR:in_progress_cache_impl.cc(203)] Cache is not initialized, cannot RetrieveEntry.
11월 19, 2019 24:23:38.14 [12176:15420:1119/002338.127:ERROR:in_progress_cache_impl.cc(203)] Cache is not initialized, cannot RetrieveEntry.
11월 19, 2019 24:23:38.14 [12176:15420:1119/002338.127:ERROR:in_progress_cache_impl.cc(203)] Cache is not initialized, cannot RetrieveEntry.
11월 19, 2019 24:23:38.14 [12176:15420:1119/002338.127:ERROR:in_progress_cache_impl.cc(203)] Cache is not initialized, cannot RetrieveEntry.
11월 19, 2019 24:23:38.14 [12176:15420:1119/002338.127:ERROR:in_progress_cache_impl.cc(203)] Cache is not initialized, cannot RetrieveEntry.
11월 19, 2019 24:23:38.15 [12176:15420:1119/002338.127:ERROR:in_progress_cache_impl.cc(203)] Cache is not initialized, cannot RetrieveEntry.
11월 19, 2019 24:23:38.15 [12176:15420:1119/002338.127:ERROR:in_progress_cache_impl.cc(203)] Cache is not initialized, cannot RetrieveEntry.
11월 19, 2019 24:23:38.15 [12176:15420:1119/002338.127:ERROR:in_progress_cache_impl.cc(203)] Cache is not initialized, cannot RetrieveEntry.
11월 19, 2019 24:23:38.15 [12176:15420:1119/002338.127:ERROR:in_progress_cache_impl.cc(203)] Cache is not initialized, cannot RetrieveEntry.
11월 19, 2019 24:23:38.15 [12176:15420:1119/002338.127:ERROR:in_progress_cache_impl.cc(203)] Cache is not initialized, cannot RetrieveEntry.
11월 19, 2019 24:23:38.15 [12176:15420:1119/002338.127:ERROR:in_progress_cache_impl.cc(203)] Cache is not initialized, cannot RetrieveEntry.
11월 19, 2019 24:23:38.15 [12176:15420:1119/002338.127:ERROR:in_progress_cache_impl.cc(203)] Cache is not initialized, cannot RetrieveEntry.
11월 19, 2019 24:23:38.15 [12176:15420:1119/002338.127:ERROR:in_progress_cache_impl.cc(203)] Cache is not initialized, cannot RetrieveEntry.
11월 19, 2019 24:23:38.15 [12176:15420:1119/002338.127:ERROR:in_progress_cache_impl.cc(203)] Cache is not initialized, cannot RetrieveEntry.
11월 19, 2019 24:23:38.15 [12176:15420:1119/002338.128:ERROR:in_progress_cache_impl.cc(203)] Cache is not initialized, cannot RetrieveEntry.
11월 19, 2019 24:23:38.16 [12176:15420:1119/002338.128:ERROR:in_progress_cache_impl.cc(203)] Cache is not initialized, cannot RetrieveEntry.
11월 19, 2019 24:23:38.16 [12176:15420:1119/002338.128:ERROR:in_progress_cache_impl.cc(203)] Cache is not initialized, cannot RetrieveEntry.
11월 19, 2019 24:23:38.16 [12176:15420:1119/002338.128:ERROR:in_progress_cache_impl.cc(203)] Cache is not initialized, cannot RetrieveEntry.
11월 19, 2019 24:23:38.16 [12176:15420:1119/002338.128:ERROR:in_progress_cache_impl.cc(203)] Cache is not initialized, cannot RetrieveEntry.
11월 19, 2019 24:23:38.16 [12176:15420:1119/002338.128:ERROR:in_progress_cache_impl.cc(203)] Cache is not initialized, cannot RetrieveEntry.
11월 19, 2019 24:23:38.16 [12176:15420:1119/002338.128:ERROR:in_progress_cache_impl.cc(203)] Cache is not initialized, cannot RetrieveEntry.
11월 19, 2019 24:23:38.16 [12176:15420:1119/002338.152:ERROR:in_progress_cache_impl.cc(203)] Cache is not initialized, cannot RetrieveEntry.
11월 19, 2019 24:23:38.16 [12176:15420:1119/002338.152:ERROR:in_progress_cache_impl.cc(203)] Cache is not initialized, cannot RetrieveEntry.
11월 19, 2019 24:23:38.16 [12176:15420:1119/002338.152:ERROR:in_progress_cache_impl.cc(203)] Cache is not initialized, cannot RetrieveEntry.
11월 19, 2019 24:23:38.16 [12176:15420:1119/002338.152:ERROR:in_progress_cache_impl.cc(203)] Cache is not initialized, cannot RetrieveEntry.
11월 19, 2019 24:23:38.16 [12176:15420:1119/002338.152:ERROR:in_progress_cache_impl.cc(203)] Cache is not initialized, cannot RetrieveEntry.
11월 19, 2019 24:23:38.17 [12176:15420:1119/002338.152:ERROR:in_progress_cache_impl.cc(203)] Cache is not initialized, cannot RetrieveEntry.
11월 19, 2019 24:23:38.17 [12176:15420:1119/002338.152:ERROR:in_progress_cache_impl.cc(203)] Cache is not initialized, cannot RetrieveEntry.
11월 19, 2019 24:23:38.17 [12176:15420:1119/002338.152:ERROR:in_progress_cache_impl.cc(203)] Cache is not initialized, cannot RetrieveEntry.
11월 19, 2019 24:23:38.17 [12176:15420:1119/002338.152:ERROR:in_progress_cache_impl.cc(203)] Cache is not initialized, cannot RetrieveEntry.
11월 19, 2019 24:23:38.17 [12176:15420:1119/002338.152:ERROR:in_progress_cache_impl.cc(203)] Cache is not initialized, cannot RetrieveEntry.
11월 19, 2019 24:23:38.17 [12176:15420:1119/002338.152:ERROR:in_progress_cache_impl.cc(203)] Cache is not initialized, cannot RetrieveEntry.
11월 19, 2019 24:23:38.17 [12176:15420:1119/002338.152:ERROR:in_progress_cache_impl.cc(203)] Cache is not initialized, cannot RetrieveEntry.
11월 19, 2019 24:23:38.17 [12176:15420:1119/002338.152:ERROR:in_progress_cache_impl.cc(203)] Cache is not initialized, cannot RetrieveEntry.
11월 19, 2019 24:23:38.17 [12176:15420:1119/002338.152:ERROR:in_progress_cache_impl.cc(203)] Cache is not initialized, cannot RetrieveEntry.
11월 19, 2019 24:23:38.18 [12176:15420:1119/002338.152:ERROR:in_progress_cache_impl.cc(203)] Cache is not initialized, cannot RetrieveEntry.
11월 19, 2019 24:23:38.18 [12176:15420:1119/002338.152:ERROR:in_progress_cache_impl.cc(203)] Cache is not initialized, cannot RetrieveEntry.
11월 19, 2019 24:23:38.18 [12176:15420:1119/002338.152:ERROR:in_progress_cache_impl.cc(203)] Cache is not initialized, cannot RetrieveEntry.
11월 19, 2019 24:23:38.18 [12176:15420:1119/002338.152:ERROR:in_progress_cache_impl.cc(203)] Cache is not initialized, cannot RetrieveEntry.
11월 19, 2019 24:23:38.18 [12176:15420:1119/002338.153:ERROR:in_progress_cache_impl.cc(203)] Cache is not initialized, cannot RetrieveEntry.
11월 19, 2019 24:23:38.20 [12176:15420:1119/002338.153:ERROR:in_progress_cache_impl.cc(203)] Cache is not initialized, cannot RetrieveEntry.
11월 19, 2019 24:23:38.20 [12176:15420:1119/002338.153:ERROR:in_progress_cache_impl.cc(203)] Cache is not initialized, cannot RetrieveEntry.
11월 19, 2019 24:23:38.20 [12176:15420:1119/002338.153:ERROR:in_progress_cache_impl.cc(203)] Cache is not initialized, cannot RetrieveEntry.
11월 19, 2019 24:23:38.20 [12176:15420:1119/002338.153:ERROR:in_progress_cache_impl.cc(203)] Cache is not initialized, cannot RetrieveEntry.
11월 19, 2019 24:23:38.21 [12176:15420:1119/002338.153:ERROR:in_progress_cache_impl.cc(203)] Cache is not initialized, cannot RetrieveEntry.
11월 19, 2019 24:23:38.21 [12176:15420:1119/002338.153:ERROR:in_progress_cache_impl.cc(203)] Cache is not initialized, cannot RetrieveEntry.
11월 19, 2019 24:23:38.21 [12176:15420:1119/002338.153:ERROR:in_progress_cache_impl.cc(203)] Cache is not initialized, cannot RetrieveEntry.
